2022-12-06 00:10:08-warn: [Window] write EPROTO 5159493864:error:1000042e:SSL routines:OPENSSL_internal:TLSV1_ALERT_PROTOCOL_VERSION:../../third_party/boringssl/src/ssl/tls_record.cc:594:SSL alert number 70

2022-12-06 00:11:50-log: [Package] menu@1.0.0 enable
2022-12-06 00:11:50-log: [Package] profile@1.0.0 enable
2022-12-06 00:11:50-log: [Package] project@1.0.1 enable
2022-12-06 00:11:50-log: [Package] messages@1.0.0 enable
2022-12-06 00:11:50-log: [Package] program@1.0.0 enable
2022-12-06 00:11:50-log: [Package] device@1.0.1 enable
2022-12-06 00:11:50-log: [Package] ui-kit@1.0.1 enable
2022-12-06 00:11:50-log: [Package] tester@1.0.0 enable
2022-12-06 00:11:50-log: [Package] preferences@1.0.0 enable
2022-12-06 00:11:50-log: Setup mods mgr.: 157.427ms
2022-12-06 00:11:50-log: [Package] engine@1.0.5 enable
2022-12-06 00:11:51-log: [Package] programming@1.0.0 enable
2022-12-06 00:11:52-log: [Package] engine-extends@1.0.0 enable
2022-12-06 00:11:52-log: [Package] asset-db@1.0.0 enable
2022-12-06 00:11:52-log: [Package] console@1.0.0 enable
2022-12-06 00:11:52-log: [Package] scene@1.0.0 enable
2022-12-06 00:11:52-log: [Package] about@1.0.0 enable
2022-12-06 00:11:52-log: [Package] server@1.0.0 enable
2022-12-06 00:11:52-warn: Server: Port 7456 is occupied
2022-12-06 00:11:52-log: [Package] utils@1.0.0 enable
2022-12-06 00:11:52-log: [Package] assets@1.0.0 enable
2022-12-06 00:11:52-log: [Package] inspector@1.0.0 enable
2022-12-06 00:11:53-log: [Package] builder@1.3.0 enable
2022-12-06 00:11:54-log: [Package] node-library@1.0.0 enable
2022-12-06 00:11:54-log: [Package] shortcuts@1.0.1 enable
2022-12-06 00:11:54-log: [Package] package-asset@1.0.0 enable
2022-12-06 00:11:54-log: [Package] reference-image@1.0.0 enable
2022-12-06 00:11:54-log: [Package] animation-graph@1.0.0 enable
2022-12-06 00:11:54-log: [Package] channel-upload-tools@1.0.0 enable
2022-12-06 00:11:54-log: [Package] runtime-dev-tools@1.0.0 enable
2022-12-06 00:11:54-log: [Package] lightmap@1.0.4 enable
2022-12-06 00:11:54-log: [Package] alipay-mini-game@1.0.0 enable
2022-12-06 00:11:54-log: [Package] android@1.0.0 enable
2022-12-06 00:11:54-log: [Package] baidu-mini-game@1.0.0 enable
2022-12-06 00:11:54-log: [Package] bytedance-mini-game@1.0.1 enable
2022-12-06 00:11:54-log: [Package] huawei-agc@1.0.0 enable
2022-12-06 00:11:54-log: [Package] ios@1.0.0 enable
2022-12-06 00:11:54-log: [Package] ios-app-clip@1.0.0 enable
2022-12-06 00:11:54-log: [Package] mac@1.0.0 enable
2022-12-06 00:11:55-log: [Package] native@1.0.0 enable
2022-12-06 00:11:55-log: [Package] ohos@1.0.0 enable
2022-12-06 00:11:55-log: [Package] web-desktop@1.0.0 enable
2022-12-06 00:11:55-log: [Package] web-mobile@1.0.0 enable
2022-12-06 00:11:55-log: [Package] wechatgame@1.0.1 enable
2022-12-06 00:11:55-log: [Package] windows@1.0.0 enable
2022-12-06 00:11:55-log: [Package] xiaomi-quick-game@1.0.0 enable
2022-12-06 00:11:55-log: [Package] cocos-play@1.0.0 enable
2022-12-06 00:11:55-log: [Package] huawei-quick-game@1.0.0 enable
2022-12-06 00:11:55-log: [Package] link-sure@1.0.0 enable
2022-12-06 00:11:55-log: [Package] oppo-mini-game@1.0.0 enable
2022-12-06 00:11:55-log: [Package] qtt@1.0.0 enable
2022-12-06 00:11:55-log: [Package] vivo-mini-game@1.0.0 enable
2022-12-06 00:11:55-log: [Package] cocos-service@3.0.2 enable
2022-12-06 00:11:55-log: [Package] importer@1.0.0 enable
2022-12-06 00:11:55-log: [Package] extension@3.0.13 enable
2022-12-06 00:11:55-log: [Im-plugin] Check im-plugin version.
2022-12-06 00:11:55-log: [Package] im-plugin@3.0.8 enable
2022-12-06 00:11:55-warn: Browserslist: caniuse-lite is outdated. Please run:
npx browserslist@latest --update-db

Why you should do it regularly:
https://github.com/browserslist/browserslist#browsers-data-updating
2022-12-06 00:11:55-log: [Scene] begin init
2022-12-06 00:11:55-log: [Scene] require engine end
2022-12-06 00:11:55-log: [Scene] Serialize end
2022-12-06 00:11:55-log: [Scene] configureStartup end
2022-12-06 00:11:56-log: [Scene] Cocos Creator v3.4.0
2022-12-06 00:11:56-info: [Scene] Forward render pipeline initialized.
2022-12-06 00:11:56-log: [Scene] openEngine end
2022-12-06 00:11:56-log: [Scene] configureEngine end
2022-12-06 00:11:56-error: get session failed
2022-12-06 00:11:56-error: {
  err: Error: write EPROTO 5436738696:error:1000042e:SSL routines:OPENSSL_internal:TLSV1_ALERT_PROTOCOL_VERSION:../../third_party/boringssl/src/ssl/tls_record.cc:594:SSL alert number 70
  
      at WriteWrap.onWriteComplete [as oncomplete] (internal/stream_base_commons.js:94:16) {
    errno: -100,
    code: 'EPROTO',
    syscall: 'write'
  }
}
2022-12-06 00:11:56-error: getImSetting failed
2022-12-06 00:11:56-log: [Im-plugin] No online info of im-plugin.
